\BOOKMARK [1][-]{section.1}{\376\377\000I\000n\000t\000r\000o\000d\000u\000c\000t\000i\000o\000n}{}% 1
\BOOKMARK [1][-]{section.2}{\376\377\000O\000b\000j\000e\000c\000t\000i\000v\000e\000s}{}% 2
\BOOKMARK [1][-]{section.3}{\376\377\000T\000o\000o\000l\000s\000\040\000U\000s\000e\000d}{}% 3
\BOOKMARK [1][-]{section.4}{\376\377\000P\000r\000o\000j\000e\000c\000t\000\040\000S\000t\000r\000u\000c\000t\000u\000r\000e}{}% 4
\BOOKMARK [1][-]{section.5}{\376\377\000D\000e\000s\000i\000g\000n\000\040\000a\000n\000d\000\040\000L\000a\000y\000o\000u\000t}{}% 5
\BOOKMARK [1][-]{section.6}{\376\377\000W\000e\000b\000p\000a\000g\000e\000\040\000F\000e\000a\000t\000u\000r\000e\000s}{}% 6
\BOOKMARK [1][-]{section.7}{\376\377\000F\000u\000n\000c\000t\000i\000o\000n\000s\000\040\000U\000s\000e\000d\000\040\000i\000n\000\040\000J\000S\000:\000\040\000s\000c\000o\000r\000e\000.\000j\000s}{}% 7
\BOOKMARK [2][-]{subsection.7.1}{\376\377\000S\000e\000t\000u\000p\000\040\000P\000a\000g\000e\000:}{section.7}% 8
\BOOKMARK [3][-]{subsubsection.7.1.1}{\376\377\000s\000t\000a\000r\000t\000M\000a\000t\000c\000h\000\050\000\051}{subsection.7.1}% 9
\BOOKMARK [2][-]{subsection.7.2}{\376\377\000L\000i\000v\000e\000\040\000P\000a\000g\000e\000:}{section.7}% 10
\BOOKMARK [3][-]{subsubsection.7.2.1}{\376\377\000l\000o\000a\000d\000M\000a\000t\000c\000h\000D\000a\000t\000a\000\050\000\051}{subsection.7.2}% 11
\BOOKMARK [3][-]{subsubsection.7.2.2}{\376\377\000s\000e\000t\000u\000p\000E\000v\000e\000n\000t\000L\000i\000s\000t\000e\000n\000e\000r\000s\000\050\000\051}{subsection.7.2}% 12
\BOOKMARK [3][-]{subsubsection.7.2.3}{\376\377\000p\000r\000o\000m\000p\000t\000F\000o\000r\000P\000l\000a\000y\000e\000r\000N\000a\000m\000e\000s\000\050\000\051}{subsection.7.2}% 13
\BOOKMARK [3][-]{subsubsection.7.2.4}{\376\377\000s\000h\000o\000w\000N\000a\000m\000e\000P\000r\000o\000m\000p\000t\000\050\000\051}{subsection.7.2}% 14
\BOOKMARK [3][-]{subsubsection.7.2.5}{\376\377\000s\000h\000o\000w\000M\000o\000d\000a\000l\000\050\000t\000i\000t\000l\000e\000,\000m\000e\000s\000s\000a\000g\000e\000,\000c\000a\000l\000l\000b\000a\000c\000k\000\051}{subsection.7.2}% 15
\BOOKMARK [3][-]{subsubsection.7.2.6}{\376\377\000s\000h\000o\000w\000M\000o\000d\000a\000l\000E\000r\000r\000o\000r\000\050\000m\000e\000s\000s\000a\000g\000e\000\051}{subsection.7.2}% 16
\BOOKMARK [3][-]{subsubsection.7.2.7}{\376\377\000s\000u\000b\000m\000i\000t\000P\000l\000a\000y\000e\000r\000N\000a\000m\000e\000s\000\050\000\051}{subsection.7.2}% 17
\BOOKMARK [3][-]{subsubsection.7.2.8}{\376\377\000i\000s\000D\000u\000p\000l\000i\000c\000a\000t\000e\000P\000l\000a\000y\000e\000r\000\050\000n\000a\000m\000e\000,\000t\000e\000a\000m\000\051}{subsection.7.2}% 18
\BOOKMARK [3][-]{subsubsection.7.2.9}{\376\377\000s\000h\000o\000w\000N\000e\000w\000B\000a\000t\000t\000e\000r\000P\000r\000o\000m\000p\000t\000\050\000\051}{subsection.7.2}% 19
\BOOKMARK [3][-]{subsubsection.7.2.10}{\376\377\000s\000h\000o\000w\000N\000e\000w\000B\000o\000w\000l\000e\000r\000P\000r\000o\000m\000p\000t\000\050\000\051}{subsection.7.2}% 20
\BOOKMARK [3][-]{subsubsection.7.2.11}{\376\377\000c\000h\000e\000c\000k\000F\000o\000r\000E\000n\000d\000O\000f\000M\000a\000t\000c\000h\000O\000r\000I\000n\000n\000i\000n\000g\000s\000\050\000\051}{subsection.7.2}% 21
\BOOKMARK [3][-]{subsubsection.7.2.12}{\376\377\000s\000t\000a\000r\000t\000S\000e\000c\000o\000n\000d\000I\000n\000n\000i\000n\000g\000s\000\050\000\051}{subsection.7.2}% 22
\BOOKMARK [3][-]{subsubsection.7.2.13}{\376\377\000e\000n\000d\000M\000a\000t\000c\000h\000\050\000m\000e\000s\000s\000a\000g\000e\000\051}{subsection.7.2}% 23
\BOOKMARK [3][-]{subsubsection.7.2.14}{\376\377\000a\000d\000d\000R\000u\000n\000s\000\050\000r\000u\000n\000s\000\051}{subsection.7.2}% 24
\BOOKMARK [3][-]{subsubsection.7.2.15}{\376\377\000t\000a\000k\000e\000W\000i\000c\000k\000e\000t\000\050\000\051}{subsection.7.2}% 25
\BOOKMARK [3][-]{subsubsection.7.2.16}{\376\377\000a\000d\000d\000W\000i\000d\000e\000\050\000\051}{subsection.7.2}% 26
\BOOKMARK [3][-]{subsubsection.7.2.17}{\376\377\000a\000d\000d\000N\000o\000B\000a\000l\000l\000\050\000\051}{subsection.7.2}% 27
\BOOKMARK [3][-]{subsubsection.7.2.18}{\376\377\000c\000o\000n\000s\000u\000m\000e\000F\000r\000e\000e\000H\000i\000t\000I\000f\000N\000o\000t\000E\000x\000t\000r\000a\000\050\000i\000s\000D\000e\000l\000i\000v\000e\000r\000y\000E\000x\000t\000r\000a\000\051}{subsection.7.2}% 28
\BOOKMARK [3][-]{subsubsection.7.2.19}{\376\377\000p\000r\000o\000m\000p\000t\000F\000o\000r\000R\000u\000n\000O\000u\000t\000\050\000\051}{subsection.7.2}% 29
\BOOKMARK [3][-]{subsubsection.7.2.20}{\376\377\000p\000r\000o\000c\000e\000s\000s\000R\000u\000n\000O\000u\000t\000\050\000r\000u\000n\000s\000,\000n\000e\000w\000B\000a\000t\000t\000e\000r\000N\000a\000m\000e\000\051}{subsection.7.2}% 30
\BOOKMARK [3][-]{subsubsection.7.2.21}{\376\377\000a\000d\000d\000C\000o\000m\000m\000e\000n\000t\000a\000r\000y\000\050\000e\000v\000e\000n\000t\000C\000o\000d\000e\000,\000d\000e\000t\000a\000i\000l\000s\000\173\000\175\000\051}{subsection.7.2}% 31
\BOOKMARK [3][-]{subsubsection.7.2.22}{\376\377\000u\000p\000d\000a\000t\000e\000D\000i\000s\000p\000l\000a\000y\000\050\000\051}{subsection.7.2}% 32
\BOOKMARK [2][-]{subsection.7.3}{\376\377\000S\000c\000o\000r\000e\000c\000a\000r\000d\000\040\000P\000a\000g\000e\000:}{section.7}% 33
\BOOKMARK [3][-]{subsubsection.7.3.1}{\376\377\000g\000o\000B\000a\000c\000k\000\050\000\051}{subsection.7.3}% 34
\BOOKMARK [3][-]{subsubsection.7.3.2}{\376\377\000f\000o\000r\000m\000a\000t\000O\000v\000e\000r\000s\000\050\000b\000a\000l\000l\000s\000\051}{subsection.7.3}% 35
\BOOKMARK [3][-]{subsubsection.7.3.3}{\376\377\000l\000o\000a\000d\000S\000c\000o\000r\000e\000c\000a\000r\000d\000\050\000\051}{subsection.7.3}% 36
\BOOKMARK [2][-]{subsection.7.4}{\376\377\000S\000u\000m\000m\000a\000r\000y\000\040\000P\000a\000g\000e\000:}{section.7}% 37
\BOOKMARK [3][-]{subsubsection.7.4.1}{\376\377\000d\000i\000s\000p\000l\000a\000y\000R\000e\000s\000u\000l\000t\000\050\000\051}{subsection.7.4}% 38
\BOOKMARK [3][-]{subsubsection.7.4.2}{\376\377\000s\000e\000t\000u\000p\000S\000u\000m\000m\000a\000r\000y\000P\000a\000g\000e\000\050\000\051}{subsection.7.4}% 39
\BOOKMARK [1][-]{section.8}{\376\377\000F\000l\000o\000w\000C\000h\000a\000r\000t\000\040\000R\000e\000p\000r\000e\000s\000e\000n\000t\000a\000t\000i\000o\000n\000\040\000o\000f\000\040\000F\000u\000n\000c\000t\000i\000o\000n\000s\000\040\000i\000n\000\040\000L\000i\000v\000e\000\040\000P\000a\000g\000e}{}% 40
\BOOKMARK [1][-]{section.9}{\376\377\000R\000e\000f\000e\000r\000e\000n\000c\000e\000s}{}% 41
